Using pre-set license
Built from '2020.3/release' branch; Version is '2020.3.12f1 (b3b2c6512326) revision 11776710'; Using compiler version '192528614'; Build Type 'Release'
OS: 'Windows 10 Education; OS build 19043.1706; Version 2009; 64bit' Language: 'ko' Physical Memory: 16322 MB
BatchMode: 1, IsHumanControllingUs: 0, StartBugReporterOnCrash: 0, Is64bit: 1, IsPro: 0

 COMMAND LINE ARGUMENTS:
D:\Games\2020.3.12f1\Editor\Unity.exe
-adb2
-batchMode
-noUpm
-name
AssetImportWorker0
-projectPath
C:/Users/khkim/Desktop/GitHub/OpenSourceProject/OpenSourceProject
-logFile
Logs/AssetImportWorker0.log
-srvPort
2566
Successfully changed project path to: C:/Users/khkim/Desktop/GitHub/OpenSourceProject/OpenSourceProject
C:/Users/khkim/Desktop/GitHub/OpenSourceProject/OpenSourceProject
Using Asset Import Pipeline V2.
Refreshing native plugins compatible for Editor in 64.41 ms, found 3 plugins.
Preloading 0 native plugins for Editor in 0.00 ms.
Initialize engine version: 2020.3.12f1 (b3b2c6512326)
[Subsystems] Discovering subsystems at path D:/Games/2020.3.12f1/Editor/Data/Resources/UnitySubsystems
[Subsystems] Discovering subsystems at path C:/Users/khkim/Desktop/GitHub/OpenSourceProject/OpenSourceProject/Assets
GfxDevice: creating device client; threaded=0
Direct3D:
    Version:  Direct3D 11.0 [level 11.1]
    Renderer: NVIDIA GeForce RTX 3060 Ti (ID=0x2486)
    Vendor:   
    VRAM:     8050 MB
    Driver:   27.21.14.6089
Initialize mono
Mono path[0] = 'D:/Games/2020.3.12f1/Editor/Data/Managed'
Mono path[1] = 'D:/Games/2020.3.12f1/Editor/Data/MonoBleedingEdge/lib/mono/unityjit'
Mono config path = 'D:/Games/2020.3.12f1/Editor/Data/MonoBleedingEdge/etc'
Using monoOptions --debugger-agent=transport=dt_socket,embedding=1,server=y,suspend=n,address=127.0.0.1:56452
Begin MonoManager ReloadAssembly
Registering precompiled unity dll's ...
Register platform support module: D:/Games/2020.3.12f1/Editor/Data/PlaybackEngines/WindowsStandaloneSupport/UnityEditor.WindowsStandalone.Extensions.dll
Registered in 0.001773 seconds.
Native extension for WindowsStandalone target not found
Refreshing native plugins compatible for Editor in 51.15 ms, found 3 plugins.
Preloading 0 native plugins for Editor in 0.00 ms.
Mono: successfully reloaded assembly
- Completed reload, in  1.012 seconds
Platform modules already initialized, skipping
Registering precompiled user dll's ...
Registered in 0.012812 seconds.
Begin MonoManager ReloadAssembly
Native extension for WindowsStandalone target not found
Refreshing native plugins compatible for Editor in 50.76 ms, found 3 plugins.
Preloading 0 native plugins for Editor in 0.00 ms.
Mono: successfully reloaded assembly
- Completed reload, in  1.102 seconds
Platform modules already initialized, skipping
========================================================================
Worker process is ready to serve import requests
Launched and connected shader compiler UnityShaderCompiler.exe after 0.05 seconds
Refreshing native plugins compatible for Editor in 0.92 ms, found 3 plugins.
Preloading 0 native plugins for Editor in 0.00 ms.
Unloading 2154 Unused Serialized files (Serialized files now loaded: 0)
System memory in use before: 99.4 MB.
System memory in use after: 99.3 MB.

Unloading 34 unused Assets to reduce memory usage. Loaded Objects now: 2588.
Total: 2.067900 ms (FindLiveObjects: 0.190500 ms CreateObjectMapping: 0.086500 ms MarkObjects: 1.665500 ms  DeleteObjects: 0.124500 ms)

AssetImportParameters requested are different than current active one (requested -> active):
  custom:framework-win-MediaFoundation: 216162199b28c13a410421893ffa2e32 -> 
  custom:video-decoder-ogg-theora: a1e56fd34408186e4bbccfd4996cb3dc -> 
  custom:container-muxer-webm: aa71ff27fc2769a1b78a27578f13a17b -> 
  custom:container-demuxer-webm: 4f35f7cbe854078d1ac9338744f61a02 -> 
  custom:container-demuxer-ogg: 62fdf1f143b41e24485cea50d1cbac27 -> 
  custom:video-encoder-webm-vp8: eb34c28f22e8b96e1ab97ce403110664 -> 
  custom:video-decoder-webm-vp8: 9c59270c3fd7afecdb556c50c9e8de78 -> 
  custom:audio-decoder-ogg-vorbis: bf7c407c2cedff20999df2af8eb42d56 -> 
  custom:audio-encoder-webm-vorbis: bf7c407c2cedff20999df2af8eb42d56 -> 
========================================================================
Received Import Request.
  path: Assets/w
  artifactKey: Guid(a00cdb405af7f7d478fbc79f975122a7) Importer(815301076,1909f56bfc062723c751e8b465ee728b)
Start importing Assets/w using Guid(a00cdb405af7f7d478fbc79f975122a7) Importer(815301076,1909f56bfc062723c751e8b465ee728b)  -> (artifact id: 'a5fb7529457663a3e75eacdbe2484617') in 0.006078 seconds 
  Import took 0.008919 seconds .

========================================================================
Received Import Request.
  Time since last request: 2.602043 seconds.
  path: Assets/wodyd
  artifactKey: Guid(4c3e7c146d45d9e4bb7a4695e6b5e8d6) Importer(815301076,1909f56bfc062723c751e8b465ee728b)
Start importing Assets/wodyd using Guid(4c3e7c146d45d9e4bb7a4695e6b5e8d6) Importer(815301076,1909f56bfc062723c751e8b465ee728b)  -> (artifact id: '44b5868528b8427115fcef65f8de0af2') in 0.003686 seconds 
  Import took 0.006666 seconds .

========================================================================
Received Import Request.
  Time since last request: 3.900118 seconds.
  path: Assets/wodyd/Material_j
  artifactKey: Guid(19c3efe7c77761c4093c4b9ea5fda350) Importer(815301076,1909f56bfc062723c751e8b465ee728b)
Start importing Assets/wodyd/Material_j using Guid(19c3efe7c77761c4093c4b9ea5fda350) Importer(815301076,1909f56bfc062723c751e8b465ee728b)  -> (artifact id: 'd21ed3428e6c4402eb0c4be85d0eb7dc') in 0.004095 seconds 
  Import took 0.007156 seconds .

========================================================================
Received Import Request.
  Time since last request: 0.637762 seconds.
  path: Assets/wodyd/Script_J
  artifactKey: Guid(996633b7f1d89e04db08e8eab1e1b5a4) Importer(815301076,1909f56bfc062723c751e8b465ee728b)
Start importing Assets/wodyd/Script_J using Guid(996633b7f1d89e04db08e8eab1e1b5a4) Importer(815301076,1909f56bfc062723c751e8b465ee728b)  -> (artifact id: '77fd476ba80abbec19cc872ce7d89d24') in 0.004007 seconds 
  Import took 0.007096 seconds .

========================================================================
Received Import Request.
  Time since last request: 0.793413 seconds.
  path: Assets/wodyd/Material_j/ItemEffect.mat
  artifactKey: Guid(1e1faca8b3cbec447a84a11a6f21c3a2) Importer(815301076,1909f56bfc062723c751e8b465ee728b)
Start importing Assets/wodyd/Material_j/ItemEffect.mat using Guid(1e1faca8b3cbec447a84a11a6f21c3a2) Importer(815301076,1909f56bfc062723c751e8b465ee728b)  -> (artifact id: 'e2ccda5072d6883511011cd51096abd1') in 0.169434 seconds 
  Import took 0.172484 seconds .

========================================================================
Received Import Request.
  Time since last request: 0.000217 seconds.
  path: Assets/wodyd/Material_j/TileBrokeEffect.mat
  artifactKey: Guid(83038f2531ef25a4591a04b858bdeaac) Importer(815301076,1909f56bfc062723c751e8b465ee728b)
Start importing Assets/wodyd/Material_j/TileBrokeEffect.mat using Guid(83038f2531ef25a4591a04b858bdeaac) Importer(815301076,1909f56bfc062723c751e8b465ee728b)  -> (artifact id: 'aef1805a3a8169d54d2e5bc815bfdb29') in 0.012687 seconds 
  Import took 0.015738 seconds .

========================================================================
Received Import Request.
  Time since last request: 2.919361 seconds.
  path: Assets/T
  artifactKey: Guid(ae6d598c91dd7b34596a7f59a8ba814a) Importer(815301076,1909f56bfc062723c751e8b465ee728b)
Start importing Assets/T using Guid(ae6d598c91dd7b34596a7f59a8ba814a) Importer(815301076,1909f56bfc062723c751e8b465ee728b)  -> (artifact id: 'f341efd34acffa578a6fb0a4de09971c') in 0.003721 seconds 
  Import took 0.006828 seconds .

========================================================================
Received Import Request.
  Time since last request: 21.513772 seconds.
  path: Assets/Packages/Quantum Tek/Quantum UI/Prefabs/Elements/Scene Transition.prefab
  artifactKey: Guid(852a72783af074a9e958f397827aa3a4) Importer(815301076,1909f56bfc062723c751e8b465ee728b)
Start importing Assets/Packages/Quantum Tek/Quantum UI/Prefabs/Elements/Scene Transition.prefab using Guid(852a72783af074a9e958f397827aa3a4) Importer(815301076,1909f56bfc062723c751e8b465ee728b)  -> (artifact id: '68bcc4ab52b732fc570d6a7c2663b88f') in 0.051002 seconds 
  Import took 0.054191 seconds .

========================================================================
Received Import Request.
  Time since last request: 4.607119 seconds.
  path: Assets/wodyd/Script_J/SceneLoader.cs
  artifactKey: Guid(0bf64825628279149ba5b38887fca88f) Importer(815301076,1909f56bfc062723c751e8b465ee728b)
Start importing Assets/wodyd/Script_J/SceneLoader.cs using Guid(0bf64825628279149ba5b38887fca88f) Importer(815301076,1909f56bfc062723c751e8b465ee728b)  -> (artifact id: '083bd8d3a512fdbeaf3a7e2333687209') in 0.014804 seconds 
  Import took 0.017841 seconds .

========================================================================
Received Import Request.
  Time since last request: 13.386560 seconds.
  path: Assets/wodyd/Script_J/CameraController.cs
  artifactKey: Guid(8cf5fb187b1e31742972f01425606c88) Importer(815301076,1909f56bfc062723c751e8b465ee728b)
Start importing Assets/wodyd/Script_J/CameraController.cs using Guid(8cf5fb187b1e31742972f01425606c88) Importer(815301076,1909f56bfc062723c751e8b465ee728b)  -> (artifact id: 'e851ea5b89239bcb04a46ee4e087936f') in 0.003704 seconds 
  Import took 0.006873 seconds .

========================================================================
Received Import Request.
  Time since last request: 0.001233 seconds.
  path: Assets/wodyd/Script_J/CameraController.cs
  artifactKey: Guid(8cf5fb187b1e31742972f01425606c88) Importer(815301076,1909f56bfc062723c751e8b465ee728b)
Start importing Assets/wodyd/Script_J/CameraController.cs using Guid(8cf5fb187b1e31742972f01425606c88) Importer(815301076,1909f56bfc062723c751e8b465ee728b)  -> (artifact id: 'e851ea5b89239bcb04a46ee4e087936f') in 0.003572 seconds 
  Import took 0.006820 seconds .

========================================================================
Received Import Request.
  Time since last request: 0.359134 seconds.
  path: Assets/T/ListScript/CameraController.cs
  artifactKey: Guid(349252f3bbf50f9439c9b658a1d3bb60) Importer(815301076,1909f56bfc062723c751e8b465ee728b)
Start importing Assets/T/ListScript/CameraController.cs using Guid(349252f3bbf50f9439c9b658a1d3bb60) Importer(815301076,1909f56bfc062723c751e8b465ee728b)  -> (artifact id: '2851039698625d423cb88942e60a2b8c') in 0.003402 seconds 
  Import took 0.006346 seconds .

========================================================================
Received Import Request.
  Time since last request: 0.073666 seconds.
  path: Assets/T/ListScript/CameraController.cs
  artifactKey: Guid(349252f3bbf50f9439c9b658a1d3bb60) Importer(815301076,1909f56bfc062723c751e8b465ee728b)
Start importing Assets/T/ListScript/CameraController.cs using Guid(349252f3bbf50f9439c9b658a1d3bb60) Importer(815301076,1909f56bfc062723c751e8b465ee728b)  -> (artifact id: '2851039698625d423cb88942e60a2b8c') in 0.003578 seconds 
  Import took 0.006565 seconds .

========================================================================
Received Import Request.
  Time since last request: 12.981065 seconds.
  path: Packages/com.unity.2d.pixel-perfect/Editor/Icons/PixelPerfectCamera.png
  artifactKey: Guid(08a04b12dd0d5ec4da08f074806d5bf7) Importer(815301076,1909f56bfc062723c751e8b465ee728b)
Start importing Packages/com.unity.2d.pixel-perfect/Editor/Icons/PixelPerfectCamera.png using Guid(08a04b12dd0d5ec4da08f074806d5bf7) Importer(815301076,1909f56bfc062723c751e8b465ee728b)  -> (artifact id: '1d35e8374be43b581b9e8008e8521f74') in 0.069878 seconds 
  Import took 0.072980 seconds .

========================================================================
Received Import Request.
  Time since last request: 58.827479 seconds.
  path: Assets/wodyd/Script_J/CameraController_Edit.cs
  artifactKey: Guid(8cf5fb187b1e31742972f01425606c88) Importer(815301076,1909f56bfc062723c751e8b465ee728b)
Start importing Assets/wodyd/Script_J/CameraController_Edit.cs using Guid(8cf5fb187b1e31742972f01425606c88) Importer(815301076,1909f56bfc062723c751e8b465ee728b)  -> (artifact id: '9aacfe6425a9a8d474b2e3a86f4a8517') in 0.003729 seconds 
  Import took 0.006982 seconds .

========================================================================
Received Import Request.
  Time since last request: 28.431349 seconds.
  path: Assets/wodyd/Script_J/CameraController_Edit.cs
  artifactKey: Guid(8cf5fb187b1e31742972f01425606c88) Importer(815301076,1909f56bfc062723c751e8b465ee728b)
Start importing Assets/wodyd/Script_J/CameraController_Edit.cs using Guid(8cf5fb187b1e31742972f01425606c88) Importer(815301076,1909f56bfc062723c751e8b465ee728b)  -> (artifact id: '7f33f7d782260a6c52b67ca3fdb3197a') in 0.004838 seconds 
  Import took 0.009115 seconds .

========================================================================
Received Import Request.
  Time since last request: 39.241962 seconds.
  path: Assets/wodyd/Script_J/StageController.cs
  artifactKey: Guid(60bf20a7e5f875d438ae171fa4e0fa96) Importer(815301076,1909f56bfc062723c751e8b465ee728b)
Start importing Assets/wodyd/Script_J/StageController.cs using Guid(60bf20a7e5f875d438ae171fa4e0fa96) Importer(815301076,1909f56bfc062723c751e8b465ee728b)  -> (artifact id: 'd961d1717dc58e979be55b6b67e6c443') in 0.004090 seconds 
  Import took 0.007574 seconds .

========================================================================
Received Import Request.
  Time since last request: 93.762559 seconds.
  path: Assets/Script/CameraController_Player.cs
  artifactKey: Guid(14d31a25cc0933e4b861e118bc9a1aab) Importer(815301076,1909f56bfc062723c751e8b465ee728b)
Start importing Assets/Script/CameraController_Player.cs using Guid(14d31a25cc0933e4b861e118bc9a1aab) Importer(815301076,1909f56bfc062723c751e8b465ee728b)  -> (artifact id: '127d4898786d4e15c8c92910988c4bc7') in 0.004155 seconds 
  Import took 0.007310 seconds .

========================================================================
Received Import Request.
  Time since last request: 36.966572 seconds.
  path: Assets/Scenes/Stage2.unity
  artifactKey: Guid(fc444117c5b0a904da88d9e37b92542f) Importer(815301076,1909f56bfc062723c751e8b465ee728b)
Start importing Assets/Scenes/Stage2.unity using Guid(fc444117c5b0a904da88d9e37b92542f) Importer(815301076,1909f56bfc062723c751e8b465ee728b)  -> (artifact id: 'a2c13eeecad1a55128dd8410bc1a20ac') in 0.004795 seconds 
  Import took 0.007879 seconds .

========================================================================
Received Import Request.
  Time since last request: 32.755693 seconds.
  path: Assets/Script/CameraController_Player.cs
  artifactKey: Guid(14d31a25cc0933e4b861e118bc9a1aab) Importer(815301076,1909f56bfc062723c751e8b465ee728b)
Start importing Assets/Script/CameraController_Player.cs using Guid(14d31a25cc0933e4b861e118bc9a1aab) Importer(815301076,1909f56bfc062723c751e8b465ee728b)  -> (artifact id: 'fe08784d63c0607e598e6b390d7862fb') in 0.004309 seconds 
  Import took 0.008299 seconds .

========================================================================
Received Import Request.
  Time since last request: 5.067192 seconds.
  path: Packages/com.unity.textmeshpro/Editor Resources/Textures/btn_AlignCapLine.psd
  artifactKey: Guid(0d9a36012a224080966c7b55896aa0f9) Importer(815301076,1909f56bfc062723c751e8b465ee728b)
Start importing Packages/com.unity.textmeshpro/Editor Resources/Textures/btn_AlignCapLine.psd using Guid(0d9a36012a224080966c7b55896aa0f9) Importer(815301076,1909f56bfc062723c751e8b465ee728b)  -> (artifact id: '3b1e2320c4b78815b8c21ff039181187') in 0.017770 seconds 
  Import took 0.020904 seconds .

========================================================================
Received Import Request.
  Time since last request: 0.000210 seconds.
  path: Packages/com.unity.2d.sprite/Editor/ObjectMenuCreation/DefaultAssets/Textures/Capsule.png
  artifactKey: Guid(bd3cb4af8406d4436a2ae8c2aafe1f8d) Importer(815301076,1909f56bfc062723c751e8b465ee728b)
Start importing Packages/com.unity.2d.sprite/Editor/ObjectMenuCreation/DefaultAssets/Textures/Capsule.png using Guid(bd3cb4af8406d4436a2ae8c2aafe1f8d) Importer(815301076,1909f56bfc062723c751e8b465ee728b)  -> (artifact id: '4720ed190e1a7817bbfc67a079ccfd84') in 0.021461 seconds 
  Import took 0.024428 seconds .

========================================================================
Received Import Request.
  Time since last request: 0.000212 seconds.
  path: Packages/com.unity.2d.sprite/Editor/ObjectMenuCreation/DefaultAssets/Textures/CapsuleWithBorder.png
  artifactKey: Guid(34587324d412940a79d530020c957dc0) Importer(815301076,1909f56bfc062723c751e8b465ee728b)
Start importing Packages/com.unity.2d.sprite/Editor/ObjectMenuCreation/DefaultAssets/Textures/CapsuleWithBorder.png using Guid(34587324d412940a79d530020c957dc0) Importer(815301076,1909f56bfc062723c751e8b465ee728b)  -> (artifact id: '08ad02565640520517df1e4abf7b01ce') in 0.022917 seconds 
  Import took 0.025861 seconds .

========================================================================
Received Import Request.
  Time since last request: 0.000194 seconds.
  path: Packages/com.unity.textmeshpro/Editor Resources/Textures/btn_AlignCapLine_Light.psd
  artifactKey: Guid(49679f302ac6408697f6b9314a38985c) Importer(815301076,1909f56bfc062723c751e8b465ee728b)
Start importing Packages/com.unity.textmeshpro/Editor Resources/Textures/btn_AlignCapLine_Light.psd using Guid(49679f302ac6408697f6b9314a38985c) Importer(815301076,1909f56bfc062723c751e8b465ee728b)  -> (artifact id: 'ba262f6c54a6ef3152a07427159dbd1b') in 0.011115 seconds 
  Import took 0.014327 seconds .

========================================================================
Received Import Request.
  Time since last request: 0.000216 seconds.
  path: Packages/com.unity.2d.sprite/Editor/ObjectMenuCreation/DefaultAssets/Textures/CapsuleWithBorder.png
  artifactKey: Guid(34587324d412940a79d530020c957dc0) Importer(815301076,1909f56bfc062723c751e8b465ee728b)
Start importing Packages/com.unity.2d.sprite/Editor/ObjectMenuCreation/DefaultAssets/Textures/CapsuleWithBorder.png using Guid(34587324d412940a79d530020c957dc0) Importer(815301076,1909f56bfc062723c751e8b465ee728b)  -> (artifact id: '08ad02565640520517df1e4abf7b01ce') in 0.023735 seconds 
  Import took 0.026910 seconds .

========================================================================
Received Import Request.
  Time since last request: 15.926157 seconds.
  path: Assets/T/ListScript/CameraController_Edit.cs
  artifactKey: Guid(349252f3bbf50f9439c9b658a1d3bb60) Importer(815301076,1909f56bfc062723c751e8b465ee728b)
Start importing Assets/T/ListScript/CameraController_Edit.cs using Guid(349252f3bbf50f9439c9b658a1d3bb60) Importer(815301076,1909f56bfc062723c751e8b465ee728b)  -> (artifact id: '745851b1c4e13534788da63fcfdd3b75') in 0.003875 seconds 
  Import took 0.007319 seconds .

========================================================================
Received Import Request.
  Time since last request: 12.463166 seconds.
  path: Assets/T/ListScript/CameraController_Edit.cs
  artifactKey: Guid(349252f3bbf50f9439c9b658a1d3bb60) Importer(815301076,1909f56bfc062723c751e8b465ee728b)
Start importing Assets/T/ListScript/CameraController_Edit.cs using Guid(349252f3bbf50f9439c9b658a1d3bb60) Importer(815301076,1909f56bfc062723c751e8b465ee728b)  -> (artifact id: '6408835f63927f20d511b417562af765') in 0.005034 seconds 
  Import took 0.008490 seconds .

========================================================================
Received Import Request.
  Time since last request: 23.542677 seconds.
  path: Assets/Script/New Folder
  artifactKey: Guid(79dfa61ae17134a49899496b44bccb3f) Importer(815301076,1909f56bfc062723c751e8b465ee728b)
Start importing Assets/Script/New Folder using Guid(79dfa61ae17134a49899496b44bccb3f) Importer(815301076,1909f56bfc062723c751e8b465ee728b)  -> (artifact id: '9b8b562d3d8edaa60e184b90ddc7c499') in 0.004631 seconds 
  Import took 0.008746 seconds .

========================================================================
Received Import Request.
  Time since last request: 4.861326 seconds.
  path: Assets/Script/Camera
  artifactKey: Guid(79dfa61ae17134a49899496b44bccb3f) Importer(815301076,1909f56bfc062723c751e8b465ee728b)
Start importing Assets/Script/Camera using Guid(79dfa61ae17134a49899496b44bccb3f) Importer(815301076,1909f56bfc062723c751e8b465ee728b)  -> (artifact id: '839f712b870949dfc00b84a95de78eb8') in 0.004262 seconds 
  Import took 0.007367 seconds .

========================================================================
Received Import Request.
  Time since last request: 47.097337 seconds.
  path: Assets/Script/Stage
  artifactKey: Guid(175fe1719e1043d44b86c31f0bb4fc94) Importer(815301076,1909f56bfc062723c751e8b465ee728b)
Start importing Assets/Script/Stage using Guid(175fe1719e1043d44b86c31f0bb4fc94) Importer(815301076,1909f56bfc062723c751e8b465ee728b)  -> (artifact id: '15163d0669647b0000ada348af94053d') in 0.004440 seconds 
  Import took 0.007619 seconds .

========================================================================
Received Import Request.
  Time since last request: 1.057507 seconds.
  path: Assets/Script/Stage/StageController.cs
  artifactKey: Guid(789ed4aa502967848a6eae3e4ee5f312) Importer(815301076,1909f56bfc062723c751e8b465ee728b)
Start importing Assets/Script/Stage/StageController.cs using Guid(789ed4aa502967848a6eae3e4ee5f312) Importer(815301076,1909f56bfc062723c751e8b465ee728b)  -> (artifact id: 'dd021a21228a4bee7393898af67dbf27') in 0.003800 seconds 
  Import took 0.006899 seconds .

========================================================================
Received Import Request.
  Time since last request: 1.777220 seconds.
  path: Assets/Script/Stage/StageSelectSceneController.cs
  artifactKey: Guid(ee70fe6b80d3b5249a6b58b1f1e39dcd) Importer(815301076,1909f56bfc062723c751e8b465ee728b)
Start importing Assets/Script/Stage/StageSelectSceneController.cs using Guid(ee70fe6b80d3b5249a6b58b1f1e39dcd) Importer(815301076,1909f56bfc062723c751e8b465ee728b)  -> (artifact id: '31c24adfa612e219be40a8cdf568cf97') in 0.003938 seconds 
  Import took 0.007176 seconds .

========================================================================
Received Import Request.
  Time since last request: 0.001666 seconds.
  path: Assets/Script/Stage/StageSelectSceneController.cs
  artifactKey: Guid(ee70fe6b80d3b5249a6b58b1f1e39dcd) Importer(815301076,1909f56bfc062723c751e8b465ee728b)
Start importing Assets/Script/Stage/StageSelectSceneController.cs using Guid(ee70fe6b80d3b5249a6b58b1f1e39dcd) Importer(815301076,1909f56bfc062723c751e8b465ee728b)  -> (artifact id: '31c24adfa612e219be40a8cdf568cf97') in 0.003637 seconds 
  Import took 0.006769 seconds .

========================================================================
Received Import Request.
  Time since last request: 5.946865 seconds.
  path: Assets/Script/Stage/StageBtn.cs
  artifactKey: Guid(f97ac74634d10b845987a32b278ab474) Importer(815301076,1909f56bfc062723c751e8b465ee728b)
Start importing Assets/Script/Stage/StageBtn.cs using Guid(f97ac74634d10b845987a32b278ab474) Importer(815301076,1909f56bfc062723c751e8b465ee728b)  -> (artifact id: 'f84873b852a8223aa7ad5d1210318ccc') in 0.004075 seconds 
  Import took 0.007241 seconds .

========================================================================
Received Import Request.
  Time since last request: 44.402801 seconds.
  path: Assets/Script/Stage/StageSelectSceneController.cs
  artifactKey: Guid(ee70fe6b80d3b5249a6b58b1f1e39dcd) Importer(815301076,1909f56bfc062723c751e8b465ee728b)
Start importing Assets/Script/Stage/StageSelectSceneController.cs using Guid(ee70fe6b80d3b5249a6b58b1f1e39dcd) Importer(815301076,1909f56bfc062723c751e8b465ee728b)  -> (artifact id: 'ac80b95b5d95c2abd3748bbb9b2bd700') in 0.004184 seconds 
  Import took 0.008341 seconds .

========================================================================
Received Import Request.
  Time since last request: 11.591608 seconds.
  path: Assets/Script/Stage/StageController.cs
  artifactKey: Guid(789ed4aa502967848a6eae3e4ee5f312) Importer(815301076,1909f56bfc062723c751e8b465ee728b)
Start importing Assets/Script/Stage/StageController.cs using Guid(789ed4aa502967848a6eae3e4ee5f312) Importer(815301076,1909f56bfc062723c751e8b465ee728b)  -> (artifact id: '78b51571b66229a7969b4ee24f94226c') in 0.003772 seconds 
  Import took 0.006991 seconds .

========================================================================
Received Import Request.
  Time since last request: 34.174984 seconds.
  path: Assets/Script/Stage/StageSelectSceneController.cs
  artifactKey: Guid(ee70fe6b80d3b5249a6b58b1f1e39dcd) Importer(815301076,1909f56bfc062723c751e8b465ee728b)
Start importing Assets/Script/Stage/StageSelectSceneController.cs using Guid(ee70fe6b80d3b5249a6b58b1f1e39dcd) Importer(815301076,1909f56bfc062723c751e8b465ee728b)  -> (artifact id: 'b154ad3cfabfb65717a933024bb8562d') in 0.004841 seconds 
  Import took 0.008361 seconds .

AssetImportWorkerClient::OnTransportError - code=2 error=End of file
